Using pre-set license
Built from '2020.2/release' branch; Version is '2020.2.1f1 (270dd8c3da1c) revision 2559448'; Using compiler version '192528614'; Build Type 'Release'
OS: 'Windows 10  (10.0.0) 64bit' Language: 'en' Physical Memory: 16302 MB
BatchMode: 1, IsHumanControllingUs: 0, StartBugReporterOnCrash: 0, Is64bit: 1, IsPro: 0

 COMMAND LINE ARGUMENTS:
C:\Program Files\Unity\Hub\Editor\2020.2.1f1\Editor\Unity.exe
-adb2
-batchMode
-noUpm
-name
AssetImportWorker0
-projectPath
C:/Users/feijo/Documents/Unity Projects/PF2-Lab_3
-logFile
Logs/AssetImportWorker0.log
-srvPort
56714
Successfully changed project path to: C:/Users/feijo/Documents/Unity Projects/PF2-Lab_3
C:/Users/feijo/Documents/Unity Projects/PF2-Lab_3
Using Asset Import Pipeline V2.
Refreshing native plugins compatible for Editor in 22.04 ms, found 0 plugins.
Preloading 0 native plugins for Editor in 0.00 ms.
Initialize engine version: 2020.2.1f1 (270dd8c3da1c)
[Subsystems] Discovering subsystems at path C:/Program Files/Unity/Hub/Editor/2020.2.1f1/Editor/Data/Resources/UnitySubsystems
[Subsystems] Discovering subsystems at path C:/Users/feijo/Documents/Unity Projects/PF2-Lab_3/Assets
GfxDevice: creating device client; threaded=0
Direct3D:
    Version:  Direct3D 11.0 [level 11.1]
    Renderer: NVIDIA GeForce GTX 1050 (ID=0x1c81)
    Vendor:   
    VRAM:     1977 MB
    Driver:   27.21.14.5751
Initialize mono
Mono path[0] = 'C:/Program Files/Unity/Hub/Editor/2020.2.1f1/Editor/Data/Managed'
Mono path[1] = 'C:/Program Files/Unity/Hub/Editor/2020.2.1f1/Editor/Data/MonoBleedingEdge/lib/mono/unityjit'
Mono config path = 'C:/Program Files/Unity/Hub/Editor/2020.2.1f1/Editor/Data/MonoBleedingEdge/etc'
Using monoOptions --debugger-agent=transport=dt_socket,embedding=1,server=y,suspend=n,address=127.0.0.1:56560
Begin MonoManager ReloadAssembly
Registering precompiled unity dll's ...
Register platform support module: C:/Program Files/Unity/Hub/Editor/2020.2.1f1/Editor/Data/PlaybackEngines/WindowsStandaloneSupport/UnityEditor.WindowsStandalone.Extensions.dll
Registered in 0.002206 seconds.
Native extension for WindowsStandalone target not found
Refreshing native plugins compatible for Editor in 21.96 ms, found 0 plugins.
Preloading 0 native plugins for Editor in 0.00 ms.
Invoked RoslynAnalysisRunner static constructor.
RoslynAnalysisRunner will not be running.
RoslynAnalysisRunner has terminated.
Mono: successfully reloaded assembly
- Completed reload, in  1.111 seconds
Platform modules already initialized, skipping
Registering precompiled user dll's ...
Registered in 0.000840 seconds.
Begin MonoManager ReloadAssembly
Native extension for WindowsStandalone target not found
Refreshing native plugins compatible for Editor in 0.19 ms, found 0 plugins.
Preloading 0 native plugins for Editor in 0.00 ms.
Invoked RoslynAnalysisRunner static constructor.
RoslynAnalysisRunner will not be running.
RoslynAnalysisRunner has terminated.
Mono: successfully reloaded assembly
- Completed reload, in  0.807 seconds
Platform modules already initialized, skipping
========================================================================
Worker process is ready to serve import requests
Launched and connected shader compiler UnityShaderCompiler.exe after 0.03 seconds
Refreshing native plugins compatible for Editor in 0.21 ms, found 0 plugins.
Preloading 0 native plugins for Editor in 0.00 ms.
Unloading 1094 Unused Serialized files (Serialized files now loaded: 0)
System memory in use before: 55.9 MB.
System memory in use after: 56.0 MB.

Unloading 10 unused Assets to reduce memory usage. Loaded Objects now: 1534.
Total: 1.738400 ms (FindLiveObjects: 0.125100 ms CreateObjectMapping: 0.036600 ms MarkObjects: 1.518900 ms  DeleteObjects: 0.056900 ms)

========================================================================
Received Import Request.
  path: Assets
  artifactKey: Guid(00000000000000001000000000000000) Importer(815301076,1909f56bfc062723c751e8b465ee728b)
Start importing Assets using Guid(00000000000000001000000000000000) Importer(815301076,1909f56bfc062723c751e8b465ee728b)  -> (artifact id: 'e1a2c4dac9df7c17871e19a3b74f0e9f') in 0.005423 seconds
  Import took 0.007213 seconds .

========================================================================
Received Import Request.
  Time since last request: 3.182179 seconds.
  path: Assets/Scripts
  artifactKey: Guid(ba35b44a01e5ab843b2cb0bebc5cdf5c) Importer(815301076,1909f56bfc062723c751e8b465ee728b)
Start importing Assets/Scripts using Guid(ba35b44a01e5ab843b2cb0bebc5cdf5c) Importer(815301076,1909f56bfc062723c751e8b465ee728b)  -> (artifact id: '89c890cdbc248792c831d04860df3aee') in 0.003494 seconds
  Import took 0.005454 seconds .

========================================================================
Received Import Request.
  Time since last request: 0.001090 seconds.
  path: Assets/Scripts
  artifactKey: Guid(ba35b44a01e5ab843b2cb0bebc5cdf5c) Importer(815301076,1909f56bfc062723c751e8b465ee728b)
Start importing Assets/Scripts using Guid(ba35b44a01e5ab843b2cb0bebc5cdf5c) Importer(815301076,1909f56bfc062723c751e8b465ee728b)  -> (artifact id: '89c890cdbc248792c831d04860df3aee') in 0.002993 seconds
  Import took 0.004790 seconds .

========================================================================
Received Import Request.
  Time since last request: 15.266315 seconds.
  path: Assets/Scripts/NewBehaviourScript.cs
  artifactKey: Guid(7a35d43d8a78a5d4c8d7b95d78cb1617) Importer(815301076,1909f56bfc062723c751e8b465ee728b)
Start importing Assets/Scripts/NewBehaviourScript.cs using Guid(7a35d43d8a78a5d4c8d7b95d78cb1617) Importer(815301076,1909f56bfc062723c751e8b465ee728b)  -> (artifact id: 'ad36359c6783111b0fd4d40a4788ef37') in 0.042523 seconds
  Import took 0.044534 seconds .

========================================================================
Received Prepare
Registering precompiled user dll's ...
Registered in 0.000811 seconds.
Begin MonoManager ReloadAssembly
Native extension for WindowsStandalone target not found
Refreshing native plugins compatible for Editor in 0.19 ms, found 0 plugins.
Preloading 0 native plugins for Editor in 0.00 ms.
Invoked RoslynAnalysisRunner static constructor.
RoslynAnalysisRunner will not be running.
RoslynAnalysisRunner has terminated.
Mono: successfully reloaded assembly
- Completed reload, in  0.782 seconds
Platform modules already initialized, skipping
Refreshing native plugins compatible for Editor in 0.32 ms, found 0 plugins.
Preloading 0 native plugins for Editor in 0.00 ms.
Unloading 1089 Unused Serialized files (Serialized files now loaded: 0)
System memory in use before: 56.0 MB.
System memory in use after: 56.0 MB.

Unloading 5 unused Assets to reduce memory usage. Loaded Objects now: 1536.
Total: 1.431300 ms (FindLiveObjects: 0.132100 ms CreateObjectMapping: 0.038000 ms MarkObjects: 1.221200 ms  DeleteObjects: 0.039000 ms)

========================================================================
Received Import Request.
  Time since last request: 318.658443 seconds.
  path: Assets/Scripts/HashTable.cs
  artifactKey: Guid(fe87a64ef414f9e42aa4a3c4086f0e60) Importer(815301076,1909f56bfc062723c751e8b465ee728b)
Start importing Assets/Scripts/HashTable.cs using Guid(fe87a64ef414f9e42aa4a3c4086f0e60) Importer(815301076,1909f56bfc062723c751e8b465ee728b)  -> (artifact id: '8a8b4c8be4f045de7733a53961085cbd') in 0.006461 seconds
  Import took 0.008505 seconds .

========================================================================
Received Import Request.
  Time since last request: 0.003531 seconds.
  path: Assets/Scripts/HashTable.cs
  artifactKey: Guid(fe87a64ef414f9e42aa4a3c4086f0e60) Importer(815301076,1909f56bfc062723c751e8b465ee728b)
Start importing Assets/Scripts/HashTable.cs using Guid(fe87a64ef414f9e42aa4a3c4086f0e60) Importer(815301076,1909f56bfc062723c751e8b465ee728b)  -> (artifact id: '8a8b4c8be4f045de7733a53961085cbd') in 0.002781 seconds
  Import took 0.005131 seconds .

========================================================================
Received Prepare
Registering precompiled user dll's ...
Registered in 0.000971 seconds.
Begin MonoManager ReloadAssembly
Native extension for WindowsStandalone target not found
Refreshing native plugins compatible for Editor in 0.19 ms, found 0 plugins.
Preloading 0 native plugins for Editor in 0.00 ms.
Invoked RoslynAnalysisRunner static constructor.
RoslynAnalysisRunner will not be running.
RoslynAnalysisRunner has terminated.
Mono: successfully reloaded assembly
- Completed reload, in  0.784 seconds
Platform modules already initialized, skipping
Refreshing native plugins compatible for Editor in 0.21 ms, found 0 plugins.
Preloading 0 native plugins for Editor in 0.00 ms.
Unloading 1090 Unused Serialized files (Serialized files now loaded: 0)
System memory in use before: 56.1 MB.
System memory in use after: 56.2 MB.

Unloading 5 unused Assets to reduce memory usage. Loaded Objects now: 1539.
Total: 1.588700 ms (FindLiveObjects: 0.114600 ms CreateObjectMapping: 0.030200 ms MarkObjects: 1.401400 ms  DeleteObjects: 0.041500 ms)

========================================================================
Received Import Request.
  Time since last request: 26.756377 seconds.
  path: Assets/Scripts/PlayerClass.cs
  artifactKey: Guid(498546088ab8ac84fa7efd1f6ffdac4e) Importer(815301076,1909f56bfc062723c751e8b465ee728b)
Start importing Assets/Scripts/PlayerClass.cs using Guid(498546088ab8ac84fa7efd1f6ffdac4e) Importer(815301076,1909f56bfc062723c751e8b465ee728b)  -> (artifact id: '88976bcb8ff1dc4b14595a08f087b6d4') in 0.006014 seconds
  Import took 0.007850 seconds .

========================================================================
Received Import Request.
  Time since last request: 0.004148 seconds.
  path: Assets/Scripts/PlayerClass.cs
  artifactKey: Guid(498546088ab8ac84fa7efd1f6ffdac4e) Importer(815301076,1909f56bfc062723c751e8b465ee728b)
Start importing Assets/Scripts/PlayerClass.cs using Guid(498546088ab8ac84fa7efd1f6ffdac4e) Importer(815301076,1909f56bfc062723c751e8b465ee728b)  -> (artifact id: '88976bcb8ff1dc4b14595a08f087b6d4') in 0.003095 seconds
  Import took 0.004826 seconds .

========================================================================
Received Prepare
Registering precompiled user dll's ...
Registered in 0.000860 seconds.
Begin MonoManager ReloadAssembly
Native extension for WindowsStandalone target not found
Refreshing native plugins compatible for Editor in 0.19 ms, found 0 plugins.
Preloading 0 native plugins for Editor in 0.00 ms.
Invoked RoslynAnalysisRunner static constructor.
RoslynAnalysisRunner will not be running.
RoslynAnalysisRunner has terminated.
Mono: successfully reloaded assembly
- Completed reload, in  0.776 seconds
Platform modules already initialized, skipping
Refreshing native plugins compatible for Editor in 0.19 ms, found 0 plugins.
Preloading 0 native plugins for Editor in 0.00 ms.
Unloading 1091 Unused Serialized files (Serialized files now loaded: 0)
System memory in use before: 56.2 MB.
System memory in use after: 56.3 MB.

Unloading 5 unused Assets to reduce memory usage. Loaded Objects now: 1542.
Total: 1.741000 ms (FindLiveObjects: 0.165800 ms CreateObjectMapping: 0.048500 ms MarkObjects: 1.486200 ms  DeleteObjects: 0.038600 ms)

========================================================================
Received Prepare
Registering precompiled user dll's ...
Registered in 0.000869 seconds.
Begin MonoManager ReloadAssembly
Native extension for WindowsStandalone target not found
Refreshing native plugins compatible for Editor in 0.19 ms, found 0 plugins.
Preloading 0 native plugins for Editor in 0.00 ms.
Invoked RoslynAnalysisRunner static constructor.
RoslynAnalysisRunner will not be running.
RoslynAnalysisRunner has terminated.
Mono: successfully reloaded assembly
- Completed reload, in  0.779 seconds
Platform modules already initialized, skipping
Refreshing native plugins compatible for Editor in 0.20 ms, found 0 plugins.
Preloading 0 native plugins for Editor in 0.00 ms.
Unloading 1091 Unused Serialized files (Serialized files now loaded: 0)
System memory in use before: 56.3 MB.
System memory in use after: 56.3 MB.

Unloading 5 unused Assets to reduce memory usage. Loaded Objects now: 1544.
Total: 1.563400 ms (FindLiveObjects: 0.117700 ms CreateObjectMapping: 0.031700 ms MarkObjects: 1.373400 ms  DeleteObjects: 0.039500 ms)

========================================================================
Received Prepare
Registering precompiled user dll's ...
Registered in 0.001008 seconds.
Begin MonoManager ReloadAssembly
Native extension for WindowsStandalone target not found
Refreshing native plugins compatible for Editor in 0.19 ms, found 0 plugins.
Preloading 0 native plugins for Editor in 0.00 ms.
Invoked RoslynAnalysisRunner static constructor.
RoslynAnalysisRunner will not be running.
RoslynAnalysisRunner has terminated.
Mono: successfully reloaded assembly
- Completed reload, in  0.777 seconds
Platform modules already initialized, skipping
Refreshing native plugins compatible for Editor in 0.21 ms, found 0 plugins.
Preloading 0 native plugins for Editor in 0.00 ms.
Unloading 1091 Unused Serialized files (Serialized files now loaded: 0)
System memory in use before: 56.3 MB.
System memory in use after: 56.4 MB.

Unloading 5 unused Assets to reduce memory usage. Loaded Objects now: 1546.
Total: 4.374800 ms (FindLiveObjects: 0.281300 ms CreateObjectMapping: 0.090800 ms MarkObjects: 3.902600 ms  DeleteObjects: 0.097500 ms)

========================================================================
Received Prepare
Registering precompiled user dll's ...
Registered in 0.000790 seconds.
Begin MonoManager ReloadAssembly
Native extension for WindowsStandalone target not found
Refreshing native plugins compatible for Editor in 0.19 ms, found 0 plugins.
Preloading 0 native plugins for Editor in 0.00 ms.
Invoked RoslynAnalysisRunner static constructor.
RoslynAnalysisRunner will not be running.
RoslynAnalysisRunner has terminated.
Mono: successfully reloaded assembly
- Completed reload, in  0.812 seconds
Platform modules already initialized, skipping
Refreshing native plugins compatible for Editor in 0.19 ms, found 0 plugins.
Preloading 0 native plugins for Editor in 0.00 ms.
Unloading 1091 Unused Serialized files (Serialized files now loaded: 0)
System memory in use before: 56.4 MB.
System memory in use after: 56.5 MB.

Unloading 5 unused Assets to reduce memory usage. Loaded Objects now: 1548.
Total: 1.769000 ms (FindLiveObjects: 0.166800 ms CreateObjectMapping: 0.060800 ms MarkObjects: 1.482800 ms  DeleteObjects: 0.056800 ms)

========================================================================
Received Import Request.
  Time since last request: 761.559702 seconds.
  path: Assets/Scripts/HashTable.cs
  artifactKey: Guid(fe87a64ef414f9e42aa4a3c4086f0e60) Importer(815301076,1909f56bfc062723c751e8b465ee728b)
Start importing Assets/Scripts/HashTable.cs using Guid(fe87a64ef414f9e42aa4a3c4086f0e60) Importer(815301076,1909f56bfc062723c751e8b465ee728b)  -> (artifact id: '9ebd0042b3d3f5a0deabc83ab518c11c') in 0.004536 seconds
  Import took 0.006465 seconds .

========================================================================
Received Import Request.
  Time since last request: 30.527563 seconds.
  path: Assets/Scripts/CanvasManager.cs
  artifactKey: Guid(d2aa5b6e9c6933d4fa12f4c64a82f227) Importer(815301076,1909f56bfc062723c751e8b465ee728b)
Start importing Assets/Scripts/CanvasManager.cs using Guid(d2aa5b6e9c6933d4fa12f4c64a82f227) Importer(815301076,1909f56bfc062723c751e8b465ee728b)  -> (artifact id: '24d31d8365999f4310894d30483158e4') in 0.004924 seconds
  Import took 0.006720 seconds .

========================================================================
Received Prepare
Registering precompiled user dll's ...
Registered in 0.000796 seconds.
Begin MonoManager ReloadAssembly
Native extension for WindowsStandalone target not found
Refreshing native plugins compatible for Editor in 0.23 ms, found 0 plugins.
Preloading 0 native plugins for Editor in 0.00 ms.
Invoked RoslynAnalysisRunner static constructor.
RoslynAnalysisRunner will not be running.
RoslynAnalysisRunner has terminated.
Mono: successfully reloaded assembly
- Completed reload, in  0.796 seconds
Platform modules already initialized, skipping
Refreshing native plugins compatible for Editor in 0.18 ms, found 0 plugins.
Preloading 0 native plugins for Editor in 0.00 ms.
Unloading 1092 Unused Serialized files (Serialized files now loaded: 0)
System memory in use before: 56.5 MB.
System memory in use after: 56.6 MB.

Unloading 5 unused Assets to reduce memory usage. Loaded Objects now: 1551.
Total: 1.720600 ms (FindLiveObjects: 0.178100 ms CreateObjectMapping: 0.117200 ms MarkObjects: 1.386900 ms  DeleteObjects: 0.037200 ms)

========================================================================
Received Prepare
Registering precompiled user dll's ...
Registered in 0.000961 seconds.
Begin MonoManager ReloadAssembly
Native extension for WindowsStandalone target not found
Refreshing native plugins compatible for Editor in 0.44 ms, found 0 plugins.
Preloading 0 native plugins for Editor in 0.00 ms.
Invoked RoslynAnalysisRunner static constructor.
RoslynAnalysisRunner will not be running.
RoslynAnalysisRunner has terminated.
Mono: successfully reloaded assembly
- Completed reload, in  0.783 seconds
Platform modules already initialized, skipping
Refreshing native plugins compatible for Editor in 0.20 ms, found 0 plugins.
Preloading 0 native plugins for Editor in 0.00 ms.
Unloading 1092 Unused Serialized files (Serialized files now loaded: 0)
System memory in use before: 56.6 MB.
System memory in use after: 56.6 MB.

Unloading 5 unused Assets to reduce memory usage. Loaded Objects now: 1553.
Total: 1.734200 ms (FindLiveObjects: 0.148600 ms CreateObjectMapping: 0.039300 ms MarkObjects: 1.494900 ms  DeleteObjects: 0.049800 ms)

========================================================================
Received Import Request.
  Time since last request: 33.367855 seconds.
  path: Assets/Scripts/HashTable.cs
  artifactKey: Guid(fe87a64ef414f9e42aa4a3c4086f0e60) Importer(815301076,1909f56bfc062723c751e8b465ee728b)
Start importing Assets/Scripts/HashTable.cs using Guid(fe87a64ef414f9e42aa4a3c4086f0e60) Importer(815301076,1909f56bfc062723c751e8b465ee728b)  -> (artifact id: 'a7ddfaad125379d8c543bf5ee4bccb3c') in 0.004250 seconds
  Import took 0.005934 seconds .

========================================================================
Received Import Request.
  Time since last request: 113.172554 seconds.
  path: Assets/Scripts/HashTable.cs
  artifactKey: Guid(fe87a64ef414f9e42aa4a3c4086f0e60) Importer(815301076,1909f56bfc062723c751e8b465ee728b)
Start importing Assets/Scripts/HashTable.cs using Guid(fe87a64ef414f9e42aa4a3c4086f0e60) Importer(815301076,1909f56bfc062723c751e8b465ee728b)  -> (artifact id: 'b23545c8d3dcdacded57c8a9db250bb7') in 0.003646 seconds
  Import took 0.005506 seconds .

========================================================================
Received Import Request.
  Time since last request: 431.341207 seconds.
  path: Assets/Scripts/CanvasManager.cs
  artifactKey: Guid(d2aa5b6e9c6933d4fa12f4c64a82f227) Importer(815301076,1909f56bfc062723c751e8b465ee728b)
Start importing Assets/Scripts/CanvasManager.cs using Guid(d2aa5b6e9c6933d4fa12f4c64a82f227) Importer(815301076,1909f56bfc062723c751e8b465ee728b)  -> (artifact id: 'c52f4a85c45c13b93c54b2e967458a08') in 0.004770 seconds
  Import took 0.007983 seconds .

========================================================================
Received Import Request.
  Time since last request: 0.000885 seconds.
  path: Assets/Scripts/CanvasManager.cs
  artifactKey: Guid(d2aa5b6e9c6933d4fa12f4c64a82f227) Importer(815301076,1909f56bfc062723c751e8b465ee728b)
Start importing Assets/Scripts/CanvasManager.cs using Guid(d2aa5b6e9c6933d4fa12f4c64a82f227) Importer(815301076,1909f56bfc062723c751e8b465ee728b)  -> (artifact id: 'c52f4a85c45c13b93c54b2e967458a08') in 0.007474 seconds
  Import took 0.009526 seconds .

========================================================================
Received Import Request.
  Time since last request: 886.682922 seconds.
  path: Assets/Images
  artifactKey: Guid(b5f7e313f7ec1a44bae39bdf76d2062d) Importer(815301076,1909f56bfc062723c751e8b465ee728b)
Start importing Assets/Images using Guid(b5f7e313f7ec1a44bae39bdf76d2062d) Importer(815301076,1909f56bfc062723c751e8b465ee728b)  -> (artifact id: 'ea04920cd5b621fab419c8f753ecc0f0') in 0.003481 seconds
  Import took 0.005553 seconds .

========================================================================
Received Import Request.
  Time since last request: 0.003711 seconds.
  path: Assets/Images
  artifactKey: Guid(b5f7e313f7ec1a44bae39bdf76d2062d) Importer(815301076,1909f56bfc062723c751e8b465ee728b)
Start importing Assets/Images using Guid(b5f7e313f7ec1a44bae39bdf76d2062d) Importer(815301076,1909f56bfc062723c751e8b465ee728b)  -> (artifact id: 'ea04920cd5b621fab419c8f753ecc0f0') in 0.003007 seconds
  Import took 0.005006 seconds .

========================================================================
Received Import Request.
  Time since last request: 217.678197 seconds.
  path: Assets/Images/Materials
  artifactKey: Guid(2cf8f8b70eea80b44803d1ce16c34ba2) Importer(815301076,1909f56bfc062723c751e8b465ee728b)
Start importing Assets/Images/Materials using Guid(2cf8f8b70eea80b44803d1ce16c34ba2) Importer(815301076,1909f56bfc062723c751e8b465ee728b)  -> (artifact id: '597834738ccbcac06bf6ff4b8ec0af98') in 0.003932 seconds
  Import took 0.006050 seconds .

========================================================================
Received Prepare
Registering precompiled user dll's ...
Registered in 0.000943 seconds.
Begin MonoManager ReloadAssembly
Native extension for WindowsStandalone target not found
Refreshing native plugins compatible for Editor in 0.22 ms, found 0 plugins.
Preloading 0 native plugins for Editor in 0.00 ms.
Invoked RoslynAnalysisRunner static constructor.
RoslynAnalysisRunner will not be running.
RoslynAnalysisRunner has terminated.
Mono: successfully reloaded assembly
- Completed reload, in  0.869 seconds
Platform modules already initialized, skipping
Refreshing native plugins compatible for Editor in 0.19 ms, found 0 plugins.
Preloading 0 native plugins for Editor in 0.00 ms.
Unloading 1092 Unused Serialized files (Serialized files now loaded: 0)
System memory in use before: 56.7 MB.
System memory in use after: 56.8 MB.

Unloading 5 unused Assets to reduce memory usage. Loaded Objects now: 1555.
Total: 1.754800 ms (FindLiveObjects: 0.125300 ms CreateObjectMapping: 0.034500 ms MarkObjects: 1.551700 ms  DeleteObjects: 0.042300 ms)

========================================================================
Received Import Request.
  Time since last request: 5541.594500 seconds.
  path: Assets/Scripts/HashTable.cs
  artifactKey: Guid(fe87a64ef414f9e42aa4a3c4086f0e60) Importer(815301076,1909f56bfc062723c751e8b465ee728b)
Start importing Assets/Scripts/HashTable.cs using Guid(fe87a64ef414f9e42aa4a3c4086f0e60) Importer(815301076,1909f56bfc062723c751e8b465ee728b)  -> (artifact id: 'f2b1b9144fe5e2af5b83ed7fee3fcc23') in 0.006172 seconds
  Import took 0.009782 seconds .

========================================================================
Received Import Request.
  Time since last request: 0.001110 seconds.
  path: Assets/Scripts/HashTable.cs
  artifactKey: Guid(fe87a64ef414f9e42aa4a3c4086f0e60) Importer(815301076,1909f56bfc062723c751e8b465ee728b)
Start importing Assets/Scripts/HashTable.cs using Guid(fe87a64ef414f9e42aa4a3c4086f0e60) Importer(815301076,1909f56bfc062723c751e8b465ee728b)  -> (artifact id: 'f2b1b9144fe5e2af5b83ed7fee3fcc23') in 0.005399 seconds
  Import took 0.007792 seconds .

========================================================================
Received Import Request.
  Time since last request: 0.450975 seconds.
  path: Assets/Scripts/PlayerClass.cs
  artifactKey: Guid(498546088ab8ac84fa7efd1f6ffdac4e) Importer(815301076,1909f56bfc062723c751e8b465ee728b)
Start importing Assets/Scripts/PlayerClass.cs using Guid(498546088ab8ac84fa7efd1f6ffdac4e) Importer(815301076,1909f56bfc062723c751e8b465ee728b)  -> (artifact id: 'ad8e591e583f83cc78e551d91e93b132') in 0.003983 seconds
  Import took 0.006112 seconds .

========================================================================
Received Import Request.
  Time since last request: 0.001249 seconds.
  path: Assets/Scripts/PlayerClass.cs
  artifactKey: Guid(498546088ab8ac84fa7efd1f6ffdac4e) Importer(815301076,1909f56bfc062723c751e8b465ee728b)
Start importing Assets/Scripts/PlayerClass.cs using Guid(498546088ab8ac84fa7efd1f6ffdac4e) Importer(815301076,1909f56bfc062723c751e8b465ee728b)  -> (artifact id: 'ad8e591e583f83cc78e551d91e93b132') in 0.003366 seconds
  Import took 0.005200 seconds .

========================================================================
Received Import Request.
  Time since last request: 2.991154 seconds.
  path: Assets/Scripts/CanvasManager.cs
  artifactKey: Guid(d2aa5b6e9c6933d4fa12f4c64a82f227) Importer(815301076,1909f56bfc062723c751e8b465ee728b)
Start importing Assets/Scripts/CanvasManager.cs using Guid(d2aa5b6e9c6933d4fa12f4c64a82f227) Importer(815301076,1909f56bfc062723c751e8b465ee728b)  -> (artifact id: '10e9ca12b21e052d9fad2cdd4452e214') in 0.002822 seconds
  Import took 0.004780 seconds .

========================================================================
Received Prepare
Registering precompiled user dll's ...
Registered in 0.000874 seconds.
Begin MonoManager ReloadAssembly
Native extension for WindowsStandalone target not found
Refreshing native plugins compatible for Editor in 0.22 ms, found 0 plugins.
Preloading 0 native plugins for Editor in 0.00 ms.
Invoked RoslynAnalysisRunner static constructor.
RoslynAnalysisRunner will not be running.
RoslynAnalysisRunner has terminated.
Mono: successfully reloaded assembly
- Completed reload, in  0.907 seconds
Platform modules already initialized, skipping
Refreshing native plugins compatible for Editor in 0.19 ms, found 0 plugins.
Preloading 0 native plugins for Editor in 0.00 ms.
Unloading 1092 Unused Serialized files (Serialized files now loaded: 0)
System memory in use before: 56.8 MB.
System memory in use after: 56.8 MB.

Unloading 5 unused Assets to reduce memory usage. Loaded Objects now: 1557.
Total: 2.017500 ms (FindLiveObjects: 0.147800 ms CreateObjectMapping: 0.042900 ms MarkObjects: 1.784400 ms  DeleteObjects: 0.041100 ms)

========================================================================
Received Prepare
Registering precompiled user dll's ...
Registered in 0.000813 seconds.
Begin MonoManager ReloadAssembly
Native extension for WindowsStandalone target not found
Refreshing native plugins compatible for Editor in 0.19 ms, found 0 plugins.
Preloading 0 native plugins for Editor in 0.00 ms.
Invoked RoslynAnalysisRunner static constructor.
RoslynAnalysisRunner will not be running.
RoslynAnalysisRunner has terminated.
Mono: successfully reloaded assembly
- Completed reload, in  0.773 seconds
Platform modules already initialized, skipping
Refreshing native plugins compatible for Editor in 0.20 ms, found 0 plugins.
Preloading 0 native plugins for Editor in 0.00 ms.
Unloading 1092 Unused Serialized files (Serialized files now loaded: 0)
System memory in use before: 56.8 MB.
System memory in use after: 56.9 MB.

Unloading 5 unused Assets to reduce memory usage. Loaded Objects now: 1559.
Total: 1.934700 ms (FindLiveObjects: 0.134100 ms CreateObjectMapping: 0.036700 ms MarkObjects: 1.710500 ms  DeleteObjects: 0.052000 ms)

========================================================================
Received Prepare
Registering precompiled user dll's ...
Registered in 0.000839 seconds.
Begin MonoManager ReloadAssembly
Native extension for WindowsStandalone target not found
Refreshing native plugins compatible for Editor in 0.23 ms, found 0 plugins.
Preloading 0 native plugins for Editor in 0.00 ms.
Invoked RoslynAnalysisRunner static constructor.
RoslynAnalysisRunner will not be running.
RoslynAnalysisRunner has terminated.
Mono: successfully reloaded assembly
- Completed reload, in  0.931 seconds
Platform modules already initialized, skipping
Refreshing native plugins compatible for Editor in 0.19 ms, found 0 plugins.
Preloading 0 native plugins for Editor in 0.00 ms.
Unloading 1092 Unused Serialized files (Serialized files now loaded: 0)
System memory in use before: 56.9 MB.
System memory in use after: 57.0 MB.

Unloading 5 unused Assets to reduce memory usage. Loaded Objects now: 1561.
Total: 1.964300 ms (FindLiveObjects: 0.143400 ms CreateObjectMapping: 0.037400 ms MarkObjects: 1.737100 ms  DeleteObjects: 0.045300 ms)

========================================================================
Received Prepare
Registering precompiled user dll's ...
Registered in 0.001178 seconds.
Begin MonoManager ReloadAssembly
Native extension for WindowsStandalone target not found
Refreshing native plugins compatible for Editor in 0.31 ms, found 0 plugins.
Preloading 0 native plugins for Editor in 0.00 ms.
Invoked RoslynAnalysisRunner static constructor.
RoslynAnalysisRunner will not be running.
RoslynAnalysisRunner has terminated.
Mono: successfully reloaded assembly
- Completed reload, in  0.941 seconds
Platform modules already initialized, skipping
Refreshing native plugins compatible for Editor in 0.19 ms, found 0 plugins.
Preloading 0 native plugins for Editor in 0.00 ms.
Unloading 1092 Unused Serialized files (Serialized files now loaded: 0)
System memory in use before: 57.0 MB.
System memory in use after: 57.0 MB.

Unloading 5 unused Assets to reduce memory usage. Loaded Objects now: 1563.
Total: 1.785300 ms (FindLiveObjects: 0.221400 ms CreateObjectMapping: 0.053600 ms MarkObjects: 1.470500 ms  DeleteObjects: 0.038500 ms)

========================================================================
Received Prepare
Registering precompiled user dll's ...
Registered in 0.000931 seconds.
Begin MonoManager ReloadAssembly
Native extension for WindowsStandalone target not found
Refreshing native plugins compatible for Editor in 0.56 ms, found 0 plugins.
Preloading 0 native plugins for Editor in 0.00 ms.
Invoked RoslynAnalysisRunner static constructor.
RoslynAnalysisRunner will not be running.
RoslynAnalysisRunner has terminated.
Mono: successfully reloaded assembly
- Completed reload, in  0.897 seconds
Platform modules already initialized, skipping
Refreshing native plugins compatible for Editor in 0.23 ms, found 0 plugins.
Preloading 0 native plugins for Editor in 0.00 ms.
Unloading 1092 Unused Serialized files (Serialized files now loaded: 0)
System memory in use before: 57.0 MB.
System memory in use after: 57.1 MB.

Unloading 5 unused Assets to reduce memory usage. Loaded Objects now: 1565.
Total: 1.819900 ms (FindLiveObjects: 0.246700 ms CreateObjectMapping: 0.036900 ms MarkObjects: 1.494100 ms  DeleteObjects: 0.040900 ms)

========================================================================
Received Prepare
Registering precompiled user dll's ...
Registered in 0.000821 seconds.
Begin MonoManager ReloadAssembly
Native extension for WindowsStandalone target not found
Refreshing native plugins compatible for Editor in 0.20 ms, found 0 plugins.
Preloading 0 native plugins for Editor in 0.00 ms.
Invoked RoslynAnalysisRunner static constructor.
RoslynAnalysisRunner will not be running.
RoslynAnalysisRunner has terminated.
Mono: successfully reloaded assembly
- Completed reload, in  0.811 seconds
Platform modules already initialized, skipping
Refreshing native plugins compatible for Editor in 0.20 ms, found 0 plugins.
Preloading 0 native plugins for Editor in 0.00 ms.
Unloading 1092 Unused Serialized files (Serialized files now loaded: 0)
System memory in use before: 57.1 MB.
System memory in use after: 57.2 MB.

Unloading 5 unused Assets to reduce memory usage. Loaded Objects now: 1567.
Total: 2.975200 ms (FindLiveObjects: 0.241000 ms CreateObjectMapping: 0.067200 ms MarkObjects: 2.612400 ms  DeleteObjects: 0.052400 ms)

========================================================================
Received Prepare
Registering precompiled user dll's ...
Registered in 0.000793 seconds.
Begin MonoManager ReloadAssembly
Native extension for WindowsStandalone target not found
Refreshing native plugins compatible for Editor in 0.20 ms, found 0 plugins.
Preloading 0 native plugins for Editor in 0.00 ms.
Invoked RoslynAnalysisRunner static constructor.
RoslynAnalysisRunner will not be running.
RoslynAnalysisRunner has terminated.
Mono: successfully reloaded assembly
- Completed reload, in  0.792 seconds
Platform modules already initialized, skipping
Refreshing native plugins compatible for Editor in 0.21 ms, found 0 plugins.
Preloading 0 native plugins for Editor in 0.00 ms.
Unloading 1092 Unused Serialized files (Serialized files now loaded: 0)
System memory in use before: 57.2 MB.
System memory in use after: 57.3 MB.

Unloading 5 unused Assets to reduce memory usage. Loaded Objects now: 1569.
Total: 5.171400 ms (FindLiveObjects: 0.373700 ms CreateObjectMapping: 0.117200 ms MarkObjects: 4.548300 ms  DeleteObjects: 0.127700 ms)

========================================================================
Received Prepare
Registering precompiled user dll's ...
Registered in 0.000776 seconds.
Begin MonoManager ReloadAssembly
Native extension for WindowsStandalone target not found
Refreshing native plugins compatible for Editor in 0.25 ms, found 0 plugins.
Preloading 0 native plugins for Editor in 0.00 ms.
Invoked RoslynAnalysisRunner static constructor.
RoslynAnalysisRunner will not be running.
RoslynAnalysisRunner has terminated.
Mono: successfully reloaded assembly
- Completed reload, in  0.804 seconds
Platform modules already initialized, skipping
Refreshing native plugins compatible for Editor in 0.19 ms, found 0 plugins.
Preloading 0 native plugins for Editor in 0.00 ms.
Unloading 1092 Unused Serialized files (Serialized files now loaded: 0)
System memory in use before: 57.3 MB.
System memory in use after: 57.3 MB.

Unloading 5 unused Assets to reduce memory usage. Loaded Objects now: 1571.
Total: 2.181000 ms (FindLiveObjects: 0.151200 ms CreateObjectMapping: 0.039400 ms MarkObjects: 1.922500 ms  DeleteObjects: 0.066100 ms)

AssetImportWorkerClient::OnTransportError - code=2 error=End of file
